{
  "RSpec": {
    "coverage": {
      "/Users/awithsmith/Dev/sandbox/smart-pension/ruby_app/spec/log_parser_spec.rb": {
        "lines": [
          null,
          null,
          1,
          null,
          1,
          1,
          2,
          null,
          null,
          1,
          2,
          null,
          null,
          1,
          1,
          null,
          null,
          1,
          1,
          1,
          1,
          null,
          1,
          1,
          1,
          null,
          null,
          1,
          1,
          1,
          1,
          null,
          1,
          1,
          null,
          1,
          1,
          null,
          1,
          null,
          null,
          null,
          1,
          1,
          1,
          1,
          1,
          1,
          null,
          1,
          1,
          null,
          1,
          null,
          1,
          1,
          null,
          null,
          null
        ]
      },
      "/Users/awithsmith/Dev/sandbox/smart-pension/ruby_app/lib/log_parser.rb": {
        "lines": [
          null,
          null,
          1,
          1,
          null,
          1,
          1,
          5,
          5,
          5,
          null,
          1,
          null,
          null,
          1,
          0,
          null,
          null,
          1,
          3,
          null,
          3,
          null,
          3,
          2,
          null,
          1,
          null,
          null,
          null,
          1,
          1,
          1,
          1,
          null,
          null,
          1,
          null,
          1,
          3,
          3,
          null,
          null,
          1,
          5,
          null,
          null
        ]
      },
      "/Users/awithsmith/Dev/sandbox/smart-pension/ruby_app/lib/visit_tracker.rb": {
        "lines": [
          null,
          null,
          1,
          1,
          null,
          1,
          4,
          4,
          4,
          null,
          null,
          1,
          2,
          null,
          2,
          null,
          1,
          1,
          null,
          null
        ]
      },
      "/Users/awithsmith/Dev/sandbox/smart-pension/ruby_app/lib/log_sorter.rb": {
        "lines": [
          null,
          null,
          1,
          1,
          5,
          5,
          null,
          null,
          1,
          2,
          6,
          6,
          6,
          null,
          null,
          null,
          1,
          2,
          6,
          6,
          6,
          null,
          null,
          null,
          1,
          null,
          1,
          18,
          18,
          null,
          null,
          1,
          6,
          null,
          null,
          1,
          6,
          null,
          null
        ]
      },
      "/Users/awithsmith/Dev/sandbox/smart-pension/ruby_app/spec/log_sorter_spec.rb": {
        "lines": [
          null,
          null,
          1,
          null,
          1,
          6,
          6,
          6,
          null,
          1,
          5,
          5,
          5,
          5,
          5,
          5,
          null,
          null,
          1,
          1,
          null,
          null,
          1,
          1,
          1,
          null,
          2,
          null,
          null,
          1,
          1,
          1,
          1,
          null,
          1,
          null,
          2,
          null,
          null,
          null,
          1,
          1,
          1,
          null,
          1,
          1,
          null,
          null,
          null,
          1,
          1,
          1,
          1,
          null,
          1,
          null,
          1,
          1,
          null,
          null,
          null,
          null
        ]
      },
      "/Users/awithsmith/Dev/sandbox/smart-pension/ruby_app/spec/visit_tracker_spec.rb": {
        "lines": [
          null,
          null,
          1,
          null,
          1,
          1,
          1,
          null,
          null,
          1,
          1,
          1,
          1,
          null,
          null,
          1,
          1,
          1,
          1,
          1,
          null,
          null,
          1,
          1,
          1,
          1,
          1,
          null,
          null
        ]
      }
    },
    "timestamp": 1655940404
  }
}
